<component name="libraryTable">
  <library name="JUnit5">
    <CLASSES>
      <root url="file://$PROJECT_DIR$/../libs/JUnit5" />
    </CLASSES>
    <JAVADOC />
    <SOURCES>
      <root url="file://$PROJECT_DIR$/../libs/JUnit5" />
    </SOURCES>
    <jarDirectory url="file://$PROJECT_DIR$/../libs/JUnit5" recursive="false" />
    <jarDirectory url="file://$PROJECT_DIR$/../libs/JUnit5" recursive="false" type="SOURCES" />
  </library>
</component>